<?xml version="1.0" encoding="UTF-8"?>
<!-- Generated by org.testng.reporters.JUnitXMLReporter -->
<testsuite ignored="0" hostname="LAPTOP-EH8RU0OB" failures="0" tests="3" name="Default test" time="4.114" errors="0" timestamp="2026-03-09T20:34:41 IST">
  <testcase classname="tests.CreatePostTest" name="dataProviderPostTest" time="2.554"/>
  <testcase classname="tests.CreatePostTest" name="dataProviderPostTest" time="0.69"/>
  <testcase classname="tests.CreatePostTest" name="dataProviderPostTest" time="0.285"/>
</testsuite> <!-- Default test -->
