<?xml version="1.0" encoding="UTF-8"?>
<!-- Generated by org.testng.reporters.JUnitXMLReporter -->
<testsuite ignored="2" hostname="LAPTOP-EH8RU0OB" failures="0" tests="2" name="Smokes Test" time="3.544" errors="0" timestamp="2026-03-11T11:53:30 IST">
  <testcase classname="tests.CreatePostTest" name="postTestCreate" time="3.134"/>
  <testcase classname="tests.GetPostTest" name="getSinglePostTest" time="0.338"/>
  <testcase classname="tests.UpdatePostTest" name="updateTestPost" time="0.0">
    <ignored/>
  </testcase> <!-- updateTestPost -->
  <testcase classname="tests.DeletePostTest" name="deletePostTest" time="0.0">
    <ignored/>
  </testcase> <!-- deletePostTest -->
</testsuite> <!-- Smokes Test -->
