<?xml version="1.0" encoding="UTF-8"?>
<!-- Generated by org.testng.reporters.JUnitXMLReporter -->
<testsuite ignored="0" hostname="LAPTOP-EH8RU0OB" failures="0" tests="4" name="Test" time="4.461" errors="0" timestamp="2026-03-11T11:36:10 IST">
  <testcase classname="tests.CreatePostTest" name="postTestCreate" time="2.623"/>
  <testcase classname="tests.GetPostTest" name="getSinglePostTest" time="0.141"/>
  <testcase classname="tests.UpdatePostTest" name="updateTestPost" time="0.736"/>
  <testcase classname="tests.DeletePostTest" name="deletePostTest" time="0.3"/>
</testsuite> <!-- Test -->
