<?xml version="1.0" encoding="UTF-8"?>
<testsuite xmlns:xsi="http://www.w3.org/2001/XMLSchema-instance" xsi:noNamespaceSchemaLocation="https://maven.apache.org/surefire/maven-surefire-plugin/xsd/surefire-test-report-3.0.xsd" version="3.0" name="TestSuite" time="4.301" tests="1" errors="0" skipped="0" failures="0">
  <properties>
[...]
</properties>
  <testcase name="postTestCreate" classname="tests.CreatePostTest" time="2.414">
    <system-out><![CDATA[Test suite started
Test started: postTestCreate
2026-03-07 14:09:44 INFO  tests.CreatePostTest - Starting post Api
Request method:	POST
Request URI:	https://jsonplaceholder.typicode.com/posts
Proxy:			<none>
Request params:	<none>
Query params:	<none>
Form params:	<none>
Path params:	<none>
Headers:		Accept=application/json
				Content-Type=application/json
Cookies:		<none>
Multiparts:		<none>
Body:
{
    "title": "Rest Assured Framework",
    "body": "Learning API Automation",
    "userId": 1
}
HTTP/1.1 201 Created
Date: Sat, 07 Mar 2026 08:39:52 GMT
Content-Type: application/json; charset=utf-8
Content-Length: 104
Connection: keep-alive
access-control-allow-credentials: true
access-control-expose-headers: Location
Cache-Control: no-cache
etag: W/"68-HM1AGURxNOGgPVhjo/uNey/mWu8"
expires: -1
location: https://jsonplaceholder.typicode.com/posts/101
nel: {"report_to":"heroku-nel","response_headers":["Via"],"max_age":3600,"success_fraction":0.01,"failure_fraction":0.1}
pragma: no-cache
report-to: {"group":"heroku-nel","endpoints":[{"url":"https://nel.heroku.com/reports?s=crbMcnvF210pQ4z1f016HYBzOFSBTaNXQ9l%2BXlSFMRU%3D\u0026sid=e11707d5-02a7-43ef-b45e-2cf4d2036f7d\u0026ts=1772872792"}],"max_age":3600}
reporting-endpoints: heroku-nel="https://nel.heroku.com/reports?s=crbMcnvF210pQ4z1f016HYBzOFSBTaNXQ9l%2BXlSFMRU%3D&sid=e11707d5-02a7-43ef-b45e-2cf4d2036f7d&ts=1772872792"
Server: cloudflare
vary: Origin, X-HTTP-Method-Override, Accept-Encoding
via: 2.0 heroku-router
x-content-type-options: nosniff
x-powered-by: Express
x-ratelimit-limit: 1000
x-ratelimit-remaining: 999
x-ratelimit-reset: 1772872837
cf-cache-status: DYNAMIC
CF-RAY: 9d884ac63a0e380b-MAA
alt-svc: h3=":443"; ma=86400

{
    "title": "Rest Assured Framework",
    "body": "Learning API Automation",
    "userId": 1,
    "id": 101
}
HTTP/1.1 201 Created
Date: Sat, 07 Mar 2026 08:39:52 GMT
Content-Type: application/json; charset=utf-8
Content-Length: 104
Connection: keep-alive
access-control-allow-credentials: true
access-control-expose-headers: Location
Cache-Control: no-cache
etag: W/"68-HM1AGURxNOGgPVhjo/uNey/mWu8"
expires: -1
location: https://jsonplaceholder.typicode.com/posts/101
nel: {"report_to":"heroku-nel","response_headers":["Via"],"max_age":3600,"success_fraction":0.01,"failure_fraction":0.1}
pragma: no-cache
report-to: {"group":"heroku-nel","endpoints":[{"url":"https://nel.heroku.com/reports?s=crbMcnvF210pQ4z1f016HYBzOFSBTaNXQ9l%2BXlSFMRU%3D\u0026sid=e11707d5-02a7-43ef-b45e-2cf4d2036f7d\u0026ts=1772872792"}],"max_age":3600}
reporting-endpoints: heroku-nel="https://nel.heroku.com/reports?s=crbMcnvF210pQ4z1f016HYBzOFSBTaNXQ9l%2BXlSFMRU%3D&sid=e11707d5-02a7-43ef-b45e-2cf4d2036f7d&ts=1772872792"
Server: cloudflare
vary: Origin, X-HTTP-Method-Override, Accept-Encoding
via: 2.0 heroku-router
x-content-type-options: nosniff
x-powered-by: Express
x-ratelimit-limit: 1000
x-ratelimit-remaining: 999
x-ratelimit-reset: 1772872837
cf-cache-status: DYNAMIC
CF-RAY: 9d884ac63a0e380b-MAA
alt-svc: h3=":443"; ma=86400

{
    "title": "Rest Assured Framework",
    "body": "Learning API Automation",
    "userId": 1,
    "id": 101
}
2026-03-07 14:09:47 INFO  tests.CreatePostTest - Completed Post API
]]></system-out>
    <system-err><![CDATA[SLF4J: Failed to load class "org.slf4j.impl.StaticLoggerBinder".
SLF4J: Defaulting to no-operation (NOP) logger implementation
SLF4J: See http://www.slf4j.org/codes.html#StaticLoggerBinder for further details.
]]></system-err>
  </testcase>
</testsuite>