<?xml version="1.0" encoding="UTF-8"?>
<testng-results ignored="0" total="1" passed="1" failed="0" skipped="0">
  <reporter-output>
  </reporter-output>
  <suite started-at="2026-03-07T14:09:44 IST" name="Suite" finished-at="2026-03-07T14:09:47 IST" duration-ms="2940">
    <groups>
    </groups>
    <test started-at="2026-03-07T14:09:44 IST" name="Test" finished-at="2026-03-07T14:09:47 IST" duration-ms="2940">
      <class name="tests.CreatePostTest">
        <test-method is-config="true" signature="setUp()[pri:0, instance:tests.CreatePostTest@41dd05a]" started-at="2026-03-07T14:09:44 IST" name="setUp" finished-at="2026-03-07T14:09:44 IST" duration-ms="504" status="PASS">
          <reporter-output>
          </reporter-output>
        </test-method> <!-- setUp -->
        <test-method signature="postTestCreate()[pri:0, instance:tests.CreatePostTest@41dd05a]" started-at="2026-03-07T14:09:44 IST" name="postTestCreate" finished-at="2026-03-07T14:09:47 IST" duration-ms="2397" status="PASS">
          <reporter-output>
          </reporter-output>
        </test-method> <!-- postTestCreate -->
      </class> <!-- tests.CreatePostTest -->
    </test> <!-- Test -->
  </suite> <!-- Suite -->
</testng-results>
