<?xml version="1.0" encoding="UTF-8"?>
<!-- Generated by org.testng.reporters.JUnitXMLReporter -->
<testsuite ignored="0" hostname="LAPTOP-EH8RU0OB" failures="0" tests="4" name="Smokes Test" time="2.702" errors="0" timestamp="2026-03-11T12:03:36 IST">
  <testcase classname="tests.GetPostTest" name="getSinglePostTest" time="1.568"/>
  <testcase classname="tests.CreatePostTest" name="postTestCreate" time="1.781"/>
  <testcase classname="tests.DeletePostTest" name="deletePostTest" time="1.781"/>
  <testcase classname="tests.UpdatePostTest" name="updateTestPost" time="2.237"/>
</testsuite> <!-- Smokes Test -->
